\BOOKMARK [0][]{sjtubookmark.1.0}{\376\377\230\230\124\015\230\165}{}% 1
\BOOKMARK [0][]{sjtubookmark.2.0}{\376\377\123\237\122\033\140\047\130\360\146\016\123\312\117\177\165\050\143\210\147\103\116\146}{}% 2
\BOOKMARK [0][]{sjtubookmark.3.0}{\376\377\144\130\211\201}{}% 3
\BOOKMARK [0][]{sjtubookmark.4.0}{\376\377\000A\000b\000s\000t\000r\000a\000c\000t}{}% 4
\BOOKMARK [0][]{sjtubookmark.5.0}{\376\377\166\356\137\125}{}% 5
\BOOKMARK [0][]{sjtubookmark.6.0}{\376\377\143\322\126\376}{}% 6
\BOOKMARK [0][]{sjtubookmark.7.0}{\376\377\210\150\150\074}{}% 7
\BOOKMARK [0][]{chapter.1}{\376\377\173\054\000\040\0001\000\040\172\340\000\040\137\025\212\000}{}% 8
\BOOKMARK [1][-]{section.1.1}{\376\377\0001\000.\0001\000\040\170\024\172\166\200\314\146\157\124\214\141\017\116\111}{chapter.1}% 9
\BOOKMARK [1][-]{section.1.2}{\376\377\0001\000.\0002\000\040\142\113\122\277\165\037\142\020\215\050\221\317\213\304\117\060\160\271}{chapter.1}% 10
\BOOKMARK [1][-]{section.1.3}{\376\377\0001\000.\0003\000\040\126\375\121\205\131\026\170\024\172\166\163\260\162\266}{chapter.1}% 11
\BOOKMARK [2][-]{subsection.1.3.1}{\376\377\0001\000.\0003\000.\0001\000\040\211\304\122\031\232\161\122\250\226\066\153\265}{section.1.3}% 12
\BOOKMARK [2][-]{subsection.1.3.2}{\376\377\0001\000.\0003\000.\0002\000\040\145\160\143\156\232\161\122\250\226\066\153\265}{section.1.3}% 13
\BOOKMARK [2][-]{subsection.1.3.3}{\376\377\0001\000.\0003\000.\0003\000\040\131\032\152\041\140\001\142\151\134\125\226\066\153\265}{section.1.3}% 14
\BOOKMARK [2][-]{subsection.1.3.4}{\376\377\0001\000.\0003\000.\0004\000\040\126\375\121\205\131\026\170\024\172\166\163\260\162\266\140\073\176\323}{section.1.3}% 15
\BOOKMARK [1][-]{section.1.4}{\376\377\0001\000.\0004\000\040\127\050\176\277\133\236\145\366\142\113\122\277\165\037\142\020\116\016\171\273\176\277\165\037\142\020\166\204\135\356\137\002}{chapter.1}% 16
\BOOKMARK [2][-]{subsection.1.4.1}{\376\377\0001\000.\0004\000.\0001\000\040\227\142\124\021\000A\000I\206\132\142\337\137\142\214\141\166\204\145\164\123\345\142\113\122\277\165\037\142\020}{section.1.4}% 17
\BOOKMARK [2][-]{subsection.1.4.2}{\376\377\0001\000.\0004\000.\0002\000\040\227\142\124\021\165\050\142\067\116\244\116\222\166\204\127\050\176\277\133\236\145\366\142\113\122\277\165\037\142\020}{section.1.4}% 18
\BOOKMARK [1][-]{section.1.5}{\376\377\0001\000.\0005\000\040\147\054\145\207\170\024\172\166\166\356\150\007}{chapter.1}% 19
\BOOKMARK [1][-]{section.1.6}{\376\377\0001\000.\0006\000\040\147\054\172\340\134\017\176\323}{chapter.1}% 20
\BOOKMARK [1][-]{section.1.7}{\376\377\0001\000.\0007\000\040\213\272\145\207\176\304\176\307\147\266\147\204}{chapter.1}% 21
\BOOKMARK [0][]{chapter.2}{\376\377\173\054\000\040\0002\000\040\172\340\000\040\131\032\152\041\140\001\127\050\176\277\133\236\145\366\142\113\122\277\165\037\142\020\150\106\147\266}{}% 22
\BOOKMARK [1][-]{section.2.1}{\376\377\0002\000.\0001\000\040\142\113\122\277\166\204\133\232\116\111}{chapter.2}% 23
\BOOKMARK [2][-]{subsection.2.1.1}{\376\377\0002\000.\0001\000.\0001\000\040\000K\000e\000n\000d\000o\000n\217\336\176\355\117\123}{section.2.1}% 24
\BOOKMARK [2][-]{subsection.2.1.2}{\376\377\0002\000.\0001\000.\0002\000\040\226\217\213\355\142\113\122\277\166\204\122\006\174\173}{section.2.1}% 25
\BOOKMARK [2][-]{subsection.2.1.3}{\376\377\0002\000.\0001\000.\0003\000\040\131\064\220\350\142\113\122\277\166\204\122\006\174\173}{section.2.1}% 26
\BOOKMARK [1][-]{section.2.2}{\376\377\0002\000.\0002\000\040\216\253\117\123\131\377\140\001\166\204\123\302\145\160\123\026\210\150\171\072}{chapter.2}% 27
\BOOKMARK [1][-]{section.2.3}{\376\377\0002\000.\0003\000\040\227\142\220\350\210\150\140\305\166\204\133\232\116\111\116\016\123\302\145\160\123\026\210\150\171\072}{chapter.2}% 28
\BOOKMARK [1][-]{section.2.4}{\376\377\0002\000.\0004\000\040\174\373\176\337\213\276\213\241\140\035\215\357}{chapter.2}% 29
\BOOKMARK [2][-]{subsection.2.4.1}{\376\377\0002\000.\0004\000.\0001\000\040\142\113\122\277\165\037\142\020\166\356\150\007\166\204\220\011\142\351}{section.2.4}% 30
\BOOKMARK [2][-]{subsection.2.4.2}{\376\377\0002\000.\0004\000.\0002\000\040\137\025\121\145\131\064\220\350\131\377\140\001\166\204\122\250\147\072\116\016\215\041\163\056}{section.2.4}% 31
\BOOKMARK [1][-]{section.2.5}{\376\377\0002\000.\0005\000\040\127\050\176\277\133\236\145\366\142\113\122\277\165\037\142\020\174\373\176\337\145\164\117\123\150\106\147\266}{chapter.2}% 32
\BOOKMARK [2][-]{subsection.2.5.1}{\376\377\0002\000.\0005\000.\0001\000\040\117\341\123\367\221\307\226\306\116\016\174\373\176\337\221\115\177\156\134\102}{section.2.5}% 33
\BOOKMARK [2][-]{subsection.2.5.2}{\376\377\0002\000.\0005\000.\0002\000\040\142\113\122\277\165\037\142\020\152\041\127\213\134\102\377\010\000F\000a\000c\000e\000C\000a\000p\000G\000e\000s\377\011}{section.2.5}% 34
\BOOKMARK [2][-]{subsection.2.5.3}{\376\377\0002\000.\0005\000.\0003\000\040\156\062\147\323\232\161\122\250\134\102}{section.2.5}% 35
\BOOKMARK [1][-]{section.2.6}{\376\377\0002\000.\0006\000\040\147\054\172\340\134\017\176\323}{chapter.2}% 36
\BOOKMARK [0][]{chapter.3}{\376\377\173\054\000\040\0003\000\040\172\340\000\040\207\215\124\010\131\064\220\350\131\377\140\001\166\204\131\032\152\041\140\001\176\247\200\124\142\113\122\277\165\037\142\020\152\041\127\213\147\266\147\204}{}% 37
\BOOKMARK [1][-]{section.3.1}{\376\377\0003\000.\0001\000\040\225\356\230\230\133\232\116\111}{chapter.3}% 38
\BOOKMARK [2][-]{subsection.3.1.1}{\376\377\0003\000.\0001\000.\0001\000\040\116\373\122\241\143\317\217\360}{section.3.1}% 39
\BOOKMARK [2][-]{subsection.3.1.2}{\376\377\0003\000.\0001\000.\0002\000\040\217\223\121\145\116\016\217\223\121\372\152\041\140\001}{section.3.1}% 40
\BOOKMARK [1][-]{section.3.2}{\376\377\0003\000.\0002\000\040\176\247\200\124\147\266\147\204\213\276\213\241\166\204\176\347\142\177}{chapter.3}% 41
\BOOKMARK [2][-]{subsection.3.2.1}{\376\377\0003\000.\0002\000.\0001\000\040\176\247\200\124\147\266\147\204\166\204\123\237\164\006\116\016\164\006\213\272\200\314\146\157}{section.3.2}% 42
\BOOKMARK [2][-]{subsection.3.2.2}{\376\377\0003\000.\0002\000.\0002\000\040\213\364\213\335\116\272\000I\000D\122\006\145\057\171\373\226\144}{section.3.2}% 43
\BOOKMARK [2][-]{subsection.3.2.3}{\376\377\0003\000.\0002\000.\0003\000\040\217\223\121\145\152\041\140\001\166\204\211\343\170\001}{section.3.2}% 44
\BOOKMARK [2][-]{subsection.3.2.4}{\376\377\0003\000.\0002\000.\0004\000\040\216\253\117\123\131\377\140\001\166\204\211\343\170\001}{section.3.2}% 45
\BOOKMARK [1][-]{section.3.3}{\376\377\0003\000.\0003\000\040\131\064\220\350\131\377\140\001\152\041\140\001\166\204\137\025\121\145}{chapter.3}% 46
\BOOKMARK [2][-]{subsection.3.3.1}{\376\377\0003\000.\0003\000.\0001\000\040\217\223\121\145\162\171\137\201\166\204\133\232\116\111}{section.3.3}% 47
\BOOKMARK [2][-]{subsection.3.3.2}{\376\377\0003\000.\0003\000.\0002\000\040\162\171\137\201\203\267\123\326\145\271\154\325}{section.3.3}% 48
\BOOKMARK [2][-]{subsection.3.3.3}{\376\377\0003\000.\0003\000.\0003\000\040\176\247\200\124\147\266\147\204\116\055\166\204\117\115\177\156}{section.3.3}% 49
\BOOKMARK [1][-]{section.3.4}{\376\377\0003\000.\0004\000\040\152\041\127\213\145\164\117\123\176\323\147\204}{chapter.3}% 50
\BOOKMARK [1][-]{section.3.5}{\376\377\0003\000.\0005\000\040\147\054\172\340\134\017\176\323}{chapter.3}% 51
\BOOKMARK [0][]{chapter.4}{\376\377\173\054\000\040\0004\000\040\172\340\000\040\127\372\116\216\156\321\122\250\172\227\123\343\166\204\133\236\145\366\142\113\122\277\165\037\142\020\201\352\126\336\137\122\213\255\176\303}{}% 52
\BOOKMARK [1][-]{section.4.1}{\376\377\0004\000.\0001\000\040\123\125\153\145\126\340\147\234\000L\000S\000T\000M\230\204\155\113\126\150}{chapter.4}% 53
\BOOKMARK [2][-]{subsection.4.1.1}{\376\377\0004\000.\0001\000.\0001\000\040\000L\000S\000T\000M\127\372\147\054\151\202\137\365\116\016\162\266\140\001\117\040\220\022\147\072\122\066}{section.4.1}% 54
\BOOKMARK [2][-]{subsection.4.1.2}{\376\377\0004\000.\0001\000.\0002\000\040\123\314\145\366\225\364\134\072\136\246\213\260\137\306\176\323\147\204}{section.4.1}% 55
\BOOKMARK [2][-]{subsection.4.1.3}{\376\377\0004\000.\0001\000.\0003\000\040\172\227\123\343\121\205\230\204\155\113\217\307\172\013\166\204\137\142\137\017\123\026\210\150\217\276}{section.4.1}% 56
\BOOKMARK [1][-]{section.4.2}{\376\377\0004\000.\0002\000\040\213\255\176\303\162\107\153\265\122\007\122\162}{chapter.4}% 57
\BOOKMARK [2][-]{subsection.4.2.1}{\376\377\0004\000.\0002\000.\0001\000\040\126\372\133\232\225\177\136\246\162\107\153\265\133\232\116\111}{section.4.2}% 58
\BOOKMARK [2][-]{subsection.4.2.2}{\376\377\0004\000.\0002\000.\0002\000\040\221\315\123\340\122\007\122\162\116\016\150\067\147\054\211\206\166\326}{section.4.2}% 59
\BOOKMARK [1][-]{section.4.3}{\376\377\0004\000.\0003\000\040\162\107\153\265\121\205\220\350\166\204\156\321\122\250\172\227\123\343\134\125\137\000\173\126\165\145}{chapter.4}% 60
\BOOKMARK [2][-]{subsection.4.3.1}{\376\377\0004\000.\0003\000.\0001\000\040\122\115\177\156\122\250\117\134\136\047\116\016\230\204\160\355\226\066\153\265}{section.4.3}% 61
\BOOKMARK [2][-]{subsection.4.3.2}{\376\377\0004\000.\0003\000.\0002\000\040\156\321\122\250\172\227\123\343\134\125\137\000\116\016\220\020\136\047\201\352\126\336\137\122\165\037\142\020}{section.4.3}% 62
\BOOKMARK [2][-]{subsection.4.3.3}{\376\377\0004\000.\0003\000.\0003\000\040\142\374\143\245\165\037\142\020\136\217\122\027\116\016\162\107\153\265\176\247\217\223\121\372}{section.4.3}% 63
\BOOKMARK [1][-]{section.4.4}{\376\377\0004\000.\0004\000\040\166\321\167\143\143\137\131\061}{chapter.4}% 64
\BOOKMARK [2][-]{subsection.4.4.1}{\376\377\0004\000.\0004\000.\0001\000\040\162\107\153\265\176\247\165\037\142\020\136\217\122\027\116\016\143\137\131\061\213\241\173\227\203\003\126\364}{section.4.4}% 65
\BOOKMARK [2][-]{subsection.4.4.2}{\376\377\0004\000.\0004\000.\0002\000\040\140\073\117\123\117\030\123\026\166\356\150\007}{section.4.4}% 66
\BOOKMARK [2][-]{subsection.4.4.3}{\376\377\0004\000.\0004\000.\0003\000\040\131\377\140\001\221\315\147\204\116\016\145\366\136\217\136\163\156\321\143\137\131\061}{section.4.4}% 67
\BOOKMARK [2][-]{subsection.4.4.4}{\376\377\0004\000.\0004\000.\0004\000\040\143\137\131\061\147\103\221\315\213\276\177\156}{section.4.4}% 68
\BOOKMARK [1][-]{section.4.5}{\376\377\0004\000.\0005\000\040\133\371\142\227\213\255\176\303}{chapter.4}% 69
\BOOKMARK [2][-]{subsection.4.5.1}{\376\377\0004\000.\0005\000.\0001\000\040\127\372\116\216\142\374\143\245\162\107\153\265\166\204\162\107\153\265\176\247\122\044\122\053}{section.4.5}% 70
\BOOKMARK [2][-]{subsection.4.5.2}{\376\377\0004\000.\0005\000.\0002\000\040\133\371\142\227\143\137\131\061\133\232\116\111}{section.4.5}% 71
\BOOKMARK [2][-]{subsection.4.5.3}{\376\377\0004\000.\0005\000.\0003\000\040\116\244\146\377\117\030\123\026\173\126\165\145}{section.4.5}% 72
\BOOKMARK [1][-]{section.4.6}{\376\377\0004\000.\0006\000\040\147\054\172\340\134\017\176\323}{chapter.4}% 73
\BOOKMARK [0][]{chapter.5}{\376\377\173\054\000\040\0005\000\040\172\340\000\040\133\236\232\214\176\323\147\234\116\016\122\006\147\220}{}% 74
\BOOKMARK [1][-]{section.5.1}{\376\377\0005\000.\0001\000\040\213\255\176\303\221\115\177\156}{chapter.5}% 75
\BOOKMARK [1][-]{section.5.2}{\376\377\0005\000.\0002\000\040\133\236\232\214\221\115\177\156}{chapter.5}% 76
\BOOKMARK [2][-]{subsection.5.2.1}{\376\377\0005\000.\0002\000.\0001\000\040\133\236\232\214\133\371\153\324\152\041\127\213}{section.5.2}% 77
\BOOKMARK [2][-]{subsection.5.2.2}{\376\377\0005\000.\0002\000.\0002\000\040\215\350\152\041\127\213\213\304\117\060\213\276\177\156}{section.5.2}% 78
\BOOKMARK [1][-]{section.5.3}{\376\377\0005\000.\0003\000\040\165\050\142\067\213\304\117\060}{chapter.5}% 79
\BOOKMARK [2][-]{subsection.5.3.1}{\376\377\0005\000.\0003\000.\0001\000\040\165\050\142\067\213\304\117\060\174\373\176\337\116\016\133\236\232\214\221\115\177\156}{section.5.3}% 80
\BOOKMARK [2][-]{subsection.5.3.2}{\376\377\0005\000.\0003\000.\0002\000\040\176\323\147\234\116\016\122\006\147\220}{section.5.3}% 81
\BOOKMARK [1][-]{section.5.4}{\376\377\0005\000.\0004\000\040\133\232\140\047\122\006\147\220}{chapter.5}% 82
\BOOKMARK [2][-]{subsection.5.4.1}{\376\377\0005\000.\0004\000.\0001\000\040\165\037\142\020\122\250\117\134\136\163\156\321\140\047}{section.5.4}% 83
\BOOKMARK [2][-]{subsection.5.4.2}{\376\377\0005\000.\0004\000.\0002\000\040\131\064\220\350\147\035\124\021\116\016\142\113\122\277\172\172\225\364\143\007\124\021\116\000\201\364\140\047}{section.5.4}% 84
\BOOKMARK [1][-]{section.5.5}{\376\377\0005\000.\0005\000\040\133\242\211\302\213\304\117\060\143\007\150\007\116\016\133\236\163\260\176\306\202\202}{chapter.5}% 85
\BOOKMARK [2][-]{subsection.5.5.1}{\376\377\0005\000.\0005\000.\0001\000\040\000F\000r\000\351\000c\000h\000e\000t\000\040\000G\000e\000s\000t\000u\000r\000e\000\040\000D\000i\000s\000t\000a\000n\000c\000e\377\010\000F\000G\000D\377\011}{section.5.5}% 86
\BOOKMARK [2][-]{subsection.5.5.2}{\376\377\0005\000.\0005\000.\0002\000\040\000S\000e\000m\000a\000n\000t\000i\000c\000\040\000R\000e\000l\000e\000v\000a\000n\000c\000e\000\040\000G\000e\000s\000t\000u\000r\000e\000\040\000R\000e\000c\000a\000l\000l\377\010\000S\000R\000G\000R\377\011}{section.5.5}% 87
\BOOKMARK [2][-]{subsection.5.5.3}{\376\377\0005\000.\0005\000.\0003\000\040\000B\000e\000a\000t\000\040\000A\000l\000i\000g\000n\000m\000e\000n\000t\377\010\000B\000A\377\011}{section.5.5}% 88
\BOOKMARK [2][-]{subsection.5.5.4}{\376\377\0005\000.\0005\000.\0004\000\040\000L\0001\203\003\145\160}{section.5.5}% 89
\BOOKMARK [2][-]{subsection.5.5.5}{\376\377\0005\000.\0005\000.\0005\000\040\213\304\117\060\123\072\127\337\213\276\133\232\116\016\121\154\136\163\140\047\213\364\146\016}{section.5.5}% 90
\BOOKMARK [1][-]{section.5.6}{\376\377\0005\000.\0006\000\040\133\232\221\317\213\304\117\060\176\323\147\234}{chapter.5}% 91
\BOOKMARK [1][-]{section.5.7}{\376\377\0005\000.\0007\000\040\155\210\207\215\133\236\232\214\122\006\147\220}{chapter.5}% 92
\BOOKMARK [1][-]{section.5.8}{\376\377\0005\000.\0008\000\040\140\047\200\375\213\304\117\060}{chapter.5}% 93
\BOOKMARK [2][-]{subsection.5.8.1}{\376\377\0005\000.\0008\000.\0001\000\040\123\125\136\047\143\250\164\006\140\047\200\375}{section.5.8}% 94
\BOOKMARK [2][-]{subsection.5.8.2}{\376\377\0005\000.\0008\000.\0002\000\040\172\357\122\060\172\357\213\241\173\227\224\376\215\357\136\366\217\337}{section.5.8}% 95
\BOOKMARK [2][-]{subsection.5.8.3}{\376\377\0005\000.\0008\000.\0003\000\040\174\373\176\337\146\364\145\260\163\207}{section.5.8}% 96
\BOOKMARK [2][-]{subsection.5.8.4}{\376\377\0005\000.\0008\000.\0004\000\040\136\047\163\207\213\276\133\232\166\204\123\357\142\151\134\125\140\047}{section.5.8}% 97
\BOOKMARK [1][-]{section.5.9}{\376\377\0005\000.\0009\000\040\147\054\172\340\134\017\176\323}{chapter.5}% 98
\BOOKMARK [0][]{chapter.6}{\376\377\173\054\000\040\0006\000\040\172\340\000\040\176\323\213\272}{}% 99
\BOOKMARK [1][-]{section.6.1}{\376\377\0006\000.\0001\000\040\147\054\145\207\135\345\117\134\140\073\176\323}{chapter.6}% 100
\BOOKMARK [1][-]{section.6.2}{\376\377\0006\000.\0002\000\040\147\052\147\145\135\345\117\134\134\125\147\033}{chapter.6}% 101
\BOOKMARK [2][-]{subsection.6.2.1}{\376\377\0006\000.\0002\000.\0001\000\040\232\330\134\102\213\355\116\111\117\341\140\157}{section.6.2}% 102
\BOOKMARK [2][-]{subsection.6.2.2}{\376\377\0006\000.\0002\000.\0002\000\040\227\142\124\021\147\052\147\145\215\213\122\277\166\204\230\204\155\113\140\047\213\255\176\303\166\356\150\007}{section.6.2}% 103
\BOOKMARK [1][-]{section.6.3}{\376\377\0006\000.\0003\000\040\147\054\172\340\134\017\176\323}{chapter.6}% 104
\BOOKMARK [0][]{chapter*.65}{\376\377\123\302\200\003\145\207\163\056}{}% 105
\BOOKMARK [0][]{appendix.A}{\376\377\226\104\137\125\000\040\000A\000\040\142\113\122\277\165\037\142\020\133\371\153\324\211\306\230\221}{}% 106
\BOOKMARK [0][]{appendix.B}{\376\377\226\104\137\125\000\040\000B\000\040\116\343\170\001\116\016\133\236\163\260\215\104\156\220}{}% 107
\BOOKMARK [0][]{section*.66}{\376\377\201\364\214\042}{}% 108
\BOOKMARK [0][]{section*.68}{\376\377\133\146\147\057\213\272\145\207\124\214\171\321\170\024\142\020\147\234\166\356\137\125}{}% 109
